<?xml version="1.0" encoding="UTF-8"?>
<!-- Generated by org.testng.reporters.JUnitReportReporter -->
<testsuite skipped="0" hostname="DIN13002734" name="com.crm.testcases.LandingPageTest" tests="1" failures="0" timestamp="10 Jun 2019 13:45:11 GMT" time="17.122" errors="0">
  <testcase name="testParameter" time="17.122" classname="com.crm.testcases.LandingPageTest"/>
</testsuite> <!-- com.crm.testcases.LandingPageTest -->
