<?xml version="1.0" encoding="UTF-8"?>
<!-- Generated by org.testng.reporters.JUnitReportReporter -->
<testsuite skipped="0" hostname="DIN13002734" name="com.crm.testcases.HomePageTest" tests="2" failures="0" timestamp="02 May 2019 12:09:23 GMT" time="31.824" errors="0">
  <testcase name="verifyUsernameLabelOnHomePageTest" time="16.683" classname="com.crm.testcases.HomePageTest"/>
  <testcase name="verifyclickOnContactsLinkTest" time="15.141" classname="com.crm.testcases.HomePageTest"/>
</testsuite> <!-- com.crm.testcases.HomePageTest -->
