<?xml version="1.0" encoding="UTF-8"?>
<!-- Generated by org.testng.reporters.JUnitReportReporter -->
<testsuite skipped="0" hostname="DIN13002734" name="com.crm.testcases.LoginPageTest" tests="2" failures="0" timestamp="20 May 2019 12:11:45 GMT" time="41.839" errors="0">
  <testcase name="verifyLoginBtnTest" time="26.810" classname="com.crm.testcases.LoginPageTest"/>
  <testcase name="verifyLoginPageTest" time="15.029" classname="com.crm.testcases.LoginPageTest"/>
</testsuite> <!-- com.crm.testcases.LoginPageTest -->
